<?xml version="1.0" encoding="UTF-8"?>
<!-- Generated by org.testng.reporters.JUnitXMLReporter -->
<testsuite ignored="0" hostname="saurabhsingh" failures="0" tests="3" name="Default test" time="22.754" errors="0" timestamp="2024-10-03T22:37:19 IST">
  <testcase classname="testing.MultipleTestScript" name="csk" time="10.66"/>
  <testcase classname="testing.MultipleTestScript" name="dws" time="5.139"/>
  <testcase classname="testing.MultipleTestScript" name="rcb" time="6.931"/>
</testsuite> <!-- Default test -->
