<?xml version="1.0" encoding="UTF-8"?>
<testng-results ignored="0" total="1" passed="1" failed="0" skipped="0">
  <reporter-output>
  </reporter-output>
  <suite started-at="2024-10-17T08:46:24 IST" name="Default suite" finished-at="2024-10-17T08:46:45 IST" duration-ms="20784">
    <groups>
    </groups>
    <test started-at="2024-10-17T08:46:24 IST" name="Default test" finished-at="2024-10-17T08:46:45 IST" duration-ms="20784">
      <class name="setup.SetupTest">
        <test-method is-config="true" signature="preCondition()[pri:0, instance:setup.SetupTest@1d296da]" started-at="2024-10-17T08:46:24 IST" name="preCondition" finished-at="2024-10-17T08:46:28 IST" duration-ms="3765" status="PASS">
          <reporter-output>
          </reporter-output>
        </test-method> <!-- preCondition -->
        <test-method is-config="true" signature="login()[pri:0, instance:setup.SetupTest@1d296da]" started-at="2024-10-17T08:46:28 IST" name="login" finished-at="2024-10-17T08:46:37 IST" duration-ms="8785" status="PASS">
          <reporter-output>
          </reporter-output>
        </test-method> <!-- login -->
        <test-method signature="loginLogout()[pri:0, instance:setup.SetupTest@1d296da]" started-at="2024-10-17T08:46:37 IST" name="loginLogout" finished-at="2024-10-17T08:46:37 IST" duration-ms="15" status="PASS">
          <reporter-output>
          </reporter-output>
        </test-method> <!-- loginLogout -->
        <test-method is-config="true" signature="logout()[pri:0, instance:setup.SetupTest@1d296da]" started-at="2024-10-17T08:46:37 IST" name="logout" finished-at="2024-10-17T08:46:44 IST" duration-ms="7707" status="PASS">
          <reporter-output>
          </reporter-output>
        </test-method> <!-- logout -->
        <test-method is-config="true" signature="postCondition()[pri:0, instance:setup.SetupTest@1d296da]" started-at="2024-10-17T08:46:44 IST" name="postCondition" finished-at="2024-10-17T08:46:45 IST" duration-ms="449" status="PASS">
          <reporter-output>
          </reporter-output>
        </test-method> <!-- postCondition -->
      </class> <!-- setup.SetupTest -->
    </test> <!-- Default test -->
  </suite> <!-- Default suite -->
</testng-results>
