<?xml version="1.0" encoding="UTF-8"?>
<testng-results ignored="0" total="1" passed="1" failed="0" skipped="0">
  <reporter-output>
  </reporter-output>
  <suite started-at="2024-10-16T09:36:58 IST" name="Default suite" finished-at="2024-10-16T09:37:00 IST" duration-ms="2739">
    <groups>
    </groups>
    <test started-at="2024-10-16T09:36:58 IST" name="Default test" finished-at="2024-10-16T09:37:00 IST" duration-ms="2739">
      <class name="setup.Setup">
        <test-method is-config="true" signature="openBrowser()[pri:0, instance:setup.Setup@36fc695d]" started-at="2024-10-16T09:36:58 IST" name="openBrowser" finished-at="2024-10-16T09:37:00 IST" duration-ms="2700" status="PASS">
          <reporter-output>
          </reporter-output>
        </test-method> <!-- openBrowser -->
        <test-method signature="setup()[pri:0, instance:setup.Setup@36fc695d]" started-at="2024-10-16T09:37:00 IST" name="setup" finished-at="2024-10-16T09:37:00 IST" duration-ms="7" status="PASS">
          <reporter-output>
          </reporter-output>
        </test-method> <!-- setup -->
      </class> <!-- setup.Setup -->
    </test> <!-- Default test -->
  </suite> <!-- Default suite -->
</testng-results>
