<?xml version="1.0" encoding="UTF-8"?>
<testng-results ignored="0" total="3" passed="3" failed="0" skipped="0">
  <reporter-output>
  </reporter-output>
  <suite started-at="2024-10-08T08:52:01 IST" name="Suite" finished-at="2024-10-08T08:52:12 IST" duration-ms="10322">
    <groups>
      <group name="smoke">
        <method signature="CSK.csk()[pri:0, instance:testcaseExecution1.CSK@34a3d150]" name="csk" class="testcaseExecution1.CSK"/>
        <method signature="KTM.ktm()[pri:99, instance:testcaseExecution2.KTM@2a4fb17b]" name="ktm" class="testcaseExecution2.KTM"/>
        <method signature="RoyalEnfild.royalEnfield()[pri:99, instance:testcaseExecution2.RoyalEnfild@31304f14]" name="royalEnfield" class="testcaseExecution2.RoyalEnfild"/>
      </group> <!-- smoke -->
    </groups>
    <test started-at="2024-10-08T08:52:01 IST" name="Test" finished-at="2024-10-08T08:52:12 IST" duration-ms="10322">
      <class name="testcaseExecution2.RoyalEnfild">
        <test-method signature="royalEnfield()[pri:99, instance:testcaseExecution2.RoyalEnfild@31304f14]" started-at="2024-10-08T08:52:02 IST" name="royalEnfield" finished-at="2024-10-08T08:52:11 IST" duration-ms="9617" status="PASS">
          <reporter-output>
          </reporter-output>
        </test-method> <!-- royalEnfield -->
      </class> <!-- testcaseExecution2.RoyalEnfild -->
      <class name="testcaseExecution1.CSK">
        <test-method signature="csk()[pri:0, instance:testcaseExecution1.CSK@34a3d150]" started-at="2024-10-08T08:52:02 IST" name="csk" finished-at="2024-10-08T08:52:12 IST" duration-ms="10281" status="PASS">
          <reporter-output>
          </reporter-output>
        </test-method> <!-- csk -->
      </class> <!-- testcaseExecution1.CSK -->
      <class name="testcaseExecution2.KTM">
        <test-method signature="ktm()[pri:99, instance:testcaseExecution2.KTM@2a4fb17b]" started-at="2024-10-08T08:52:02 IST" name="ktm" finished-at="2024-10-08T08:52:09 IST" duration-ms="7655" status="PASS">
          <reporter-output>
          </reporter-output>
        </test-method> <!-- ktm -->
      </class> <!-- testcaseExecution2.KTM -->
    </test> <!-- Test -->
  </suite> <!-- Suite -->
</testng-results>
