<?xml version="1.0" encoding="UTF-8"?>
<testng-results ignored="0" total="1" passed="1" failed="0" skipped="0">
  <reporter-output>
  </reporter-output>
  <suite started-at="2024-10-05T15:52:46 IST" name="Default suite" finished-at="2024-10-05T15:53:00 IST" duration-ms="13422">
    <groups>
    </groups>
    <test started-at="2024-10-05T15:52:46 IST" name="Default test" finished-at="2024-10-05T15:53:00 IST" duration-ms="13422">
      <class name="dws.DWSLoginAndSearch">
        <test-method signature="login()[pri:0, instance:dws.DWSLoginAndSearch@6c80d78a]" started-at="2024-10-05T15:52:46 IST" name="login" finished-at="2024-10-05T15:53:00 IST" duration-ms="13401" status="PASS">
          <reporter-output>
          </reporter-output>
        </test-method> <!-- login -->
      </class> <!-- dws.DWSLoginAndSearch -->
    </test> <!-- Default test -->
  </suite> <!-- Default suite -->
</testng-results>
