<?xml version="1.0" encoding="UTF-8"?>
<testng-results ignored="0" total="2" passed="2" failed="0" skipped="0">
  <reporter-output>
  </reporter-output>
  <suite started-at="2024-10-03T23:17:37 IST" name="Default suite" finished-at="2024-10-03T23:17:41 IST" duration-ms="3512">
    <groups>
    </groups>
    <test started-at="2024-10-03T23:17:37 IST" name="Default test" finished-at="2024-10-03T23:17:41 IST" duration-ms="3512">
      <class name="dws.DWSLoginUsingExcelData">
        <test-method signature="BrowserTest()[pri:0, instance:dws.DWSLoginUsingExcelData@1cbbffcd]" started-at="2024-10-03T23:17:37 IST" name="BrowserTest" finished-at="2024-10-03T23:17:38 IST" duration-ms="591" status="PASS">
          <reporter-output>
          </reporter-output>
        </test-method> <!-- BrowserTest -->
        <test-method signature="DWSLoginPage()[pri:0, instance:dws.DWSLoginUsingExcelData@1cbbffcd]" started-at="2024-10-03T23:17:38 IST" name="DWSLoginPage" finished-at="2024-10-03T23:17:41 IST" duration-ms="2901" status="PASS">
          <reporter-output>
          </reporter-output>
        </test-method> <!-- DWSLoginPage -->
      </class> <!-- dws.DWSLoginUsingExcelData -->
    </test> <!-- Default test -->
  </suite> <!-- Default suite -->
</testng-results>
