<?xml version="1.0" encoding="UTF-8"?>
<!-- Generated by org.testng.reporters.JUnitXMLReporter -->
<testsuite ignored="0" hostname="SaurabhDesktop" failures="0" tests="8" name="Default test" time="10.511" errors="0" timestamp="2024-10-25T23:00:56 IST">
  <testcase classname="loginPageTestScenarios.LoginFunctionality" name="testLoginNegative" time="0.602"/>
  <testcase classname="loginPageTestScenarios.LoginFunctionality" name="testLoginNegative" time="0.564"/>
  <testcase classname="loginPageTestScenarios.LoginFunctionality" name="testLoginNegative" time="0.563"/>
  <testcase classname="loginPageTestScenarios.LoginFunctionality" name="testLoginNegative" time="0.563"/>
  <testcase classname="loginPageTestScenarios.LoginFunctionality" name="testLoginNegative" time="0.55"/>
  <testcase classname="loginPageTestScenarios.LoginFunctionality" name="testLoginNegative" time="0.568"/>
  <testcase classname="loginPageTestScenarios.LoginFunctionality" name="testLoginNegative" time="0.53"/>
  <testcase classname="loginPageTestScenarios.LoginFunctionality" name="testLoginPositive" time="1.002"/>
</testsuite> <!-- Default test -->
