<?xml version="1.0" encoding="UTF-8"?>
<testng-results ignored="0" total="1" passed="1" failed="0" skipped="0">
  <reporter-output>
  </reporter-output>
  <suite started-at="2024-10-08T00:45:36 IST" name="Default suite" finished-at="2024-10-08T00:45:39 IST" duration-ms="2537">
    <groups>
    </groups>
    <test started-at="2024-10-08T00:45:36 IST" name="Default test" finished-at="2024-10-08T00:45:39 IST" duration-ms="2537">
      <class name="chapter02.HelloWorldChromeTestNgTest">
        <test-method is-config="true" signature="setupClass()[pri:0, instance:chapter02.HelloWorldChromeTestNgTest@73dce0e6]" started-at="2024-10-08T00:45:36 IST" name="setupClass" finished-at="2024-10-08T00:45:37 IST" duration-ms="718" status="PASS">
          <reporter-output>
          </reporter-output>
        </test-method> <!-- setupClass -->
        <test-method is-config="true" signature="setup()[pri:0, instance:chapter02.HelloWorldChromeTestNgTest@73dce0e6]" started-at="2024-10-08T00:45:37 IST" name="setup" finished-at="2024-10-08T00:45:37 IST" duration-ms="477" status="PASS">
          <reporter-output>
          </reporter-output>
        </test-method> <!-- setup -->
        <test-method signature="test()[pri:0, instance:chapter02.HelloWorldChromeTestNgTest@73dce0e6]" started-at="2024-10-08T00:45:37 IST" name="test" finished-at="2024-10-08T00:45:39 IST" duration-ms="1216" status="PASS">
          <reporter-output>
          </reporter-output>
        </test-method> <!-- test -->
        <test-method is-config="true" signature="teradown()[pri:0, instance:chapter02.HelloWorldChromeTestNgTest@73dce0e6]" started-at="2024-10-08T00:45:39 IST" name="teradown" finished-at="2024-10-08T00:45:39 IST" duration-ms="71" status="PASS">
          <reporter-output>
          </reporter-output>
        </test-method> <!-- teradown -->
      </class> <!-- chapter02.HelloWorldChromeTestNgTest -->
    </test> <!-- Default test -->
  </suite> <!-- Default suite -->
</testng-results>
