<?xml version="1.0" encoding="UTF-8"?>
<!-- Generated by org.testng.reporters.JUnitXMLReporter -->
<testsuite ignored="0" hostname="saurabhsingh" failures="0" tests="5" name="Test" time="34.225" errors="0" timestamp="2024-10-07T21:38:32 IST">
  <testcase classname="testcaseExecution1.DWS" name="dws" time="7.289"/>
  <testcase classname="testcaseExecution2.RoyalEnfild" name="royalEnfield" time="7.077"/>
  <testcase classname="testcaseExecution1.CSK" name="csk" time="9.303"/>
  <testcase classname="testcaseExecution2.KTM" name="ktm" time="4.902"/>
  <testcase classname="testcaseExecution1.RCB" name="rcb" time="5.631"/>
</testsuite> <!-- Test -->
