<?xml version="1.0" encoding="UTF-8"?>
<testng-results ignored="0" total="1" passed="1" failed="0" skipped="0">
  <reporter-output>
  </reporter-output>
  <suite started-at="2024-10-15T09:58:05 IST" name="Default suite" finished-at="2024-10-15T09:58:22 IST" duration-ms="16791">
    <groups>
    </groups>
    <test started-at="2024-10-15T09:58:05 IST" name="Default test" finished-at="2024-10-15T09:58:22 IST" duration-ms="16791">
      <class name="DWSFollowLinks.SetupTest">
        <test-method is-config="true" signature="preCondition()[pri:0, instance:DWSFollowLinks.SetupTest@6c6cb480]" started-at="2024-10-15T09:58:05 IST" name="preCondition" finished-at="2024-10-15T09:58:15 IST" duration-ms="9534" status="PASS">
          <reporter-output>
          </reporter-output>
        </test-method> <!-- preCondition -->
        <test-method is-config="true" signature="login()[pri:0, instance:DWSFollowLinks.SetupTest@6c6cb480]" started-at="2024-10-15T09:58:15 IST" name="login" finished-at="2024-10-15T09:58:16 IST" duration-ms="1053" status="PASS">
          <reporter-output>
          </reporter-output>
        </test-method> <!-- login -->
        <test-method signature="setupTest()[pri:0, instance:DWSFollowLinks.SetupTest@6c6cb480]" started-at="2024-10-15T09:58:16 IST" name="setupTest" finished-at="2024-10-15T09:58:16 IST" duration-ms="46" status="PASS">
          <reporter-output>
          </reporter-output>
        </test-method> <!-- setupTest -->
        <test-method is-config="true" signature="logout()[pri:0, instance:DWSFollowLinks.SetupTest@6c6cb480]" started-at="2024-10-15T09:58:16 IST" name="logout" finished-at="2024-10-15T09:58:20 IST" duration-ms="4169" status="PASS">
          <reporter-output>
          </reporter-output>
        </test-method> <!-- logout -->
        <test-method is-config="true" signature="postCondition()[pri:0, instance:DWSFollowLinks.SetupTest@6c6cb480]" started-at="2024-10-15T09:58:20 IST" name="postCondition" finished-at="2024-10-15T09:58:22 IST" duration-ms="1859" status="PASS">
          <reporter-output>
          </reporter-output>
        </test-method> <!-- postCondition -->
      </class> <!-- DWSFollowLinks.SetupTest -->
    </test> <!-- Default test -->
  </suite> <!-- Default suite -->
</testng-results>
